(11501)
0 (6557)
1 (10000)
2 (6557)
4 (10000)
30 (327)
41 (9)
45 (30)
68 (10)
247 (11)
335 (13)
447 (17)
553 (10)
614 (6)
691 (7)
907 (6)
908 (10)
909 (11)
910 (10)
911 (10)
912 (10)
913 (10)
915 (12)
916 (11)
917 (10)
918 (12)
964 (11)
1002 (8)
1003 (8)
1004 (6)
1353 (24)
1471 (13)
1582 (9)
1583 (9)
1584 (9)
1585 (18)
1586 (9)
1587 (9)
1588 (9)
1610 (6)
1611 (6)
1783 (9)
1950 (7)
2152 (6)
2177 (11)
2178 (14)
2179 (14)
2181 (13)
2182 (12)
2183 (13)
2184 (14)
2185 (14)
2186 (11)
2187 (14)
2188 (13)
2661 (11)
2677 (11)
2703 (10)
2757 (11)
2905 (6)
3164 (10)
3440 (6)
3640 (10)
4958 (10)
5028 (10)
5073 (6)
5296 (7)
5297 (7)
5298 (7)
5327 (10)
5959 (8)
6098 (8)
8049 (10)
8286 (11)
10155 (17)
10235 (7)
11941 (9)
12170 (10)
12253 (10)
12602 (3443)
12603 (3443)
13015 (8)
13091 (9)
13959 (11)
14494 (10)
14871 (15)
14892 (10)
14982 (10)
15206 (10)
15281 (7)
15510 (10)
15521 (7)
16912 (10)
17871 (9)
18077 (6)
18109 (6)
18125 (6)
18530 (8)
18812 (10)
18849 (8)
0 614 (6)
2 614 (6)
1 614 (6)
4 614 (6)
0 907 (6)
2 907 (6)
1 907 (6)
4 907 (6)
1 1610 (6)
4 1610 (6)
1 2905 (6)
4 2905 (6)
1 3440 (6)
4 3440 (6)
0 5073 (6)
2 5073 (6)
1 5073 (6)
4 5073 (6)
12602 18077 (6)
12603 18077 (6)
1 18077 (6)
4 18077 (6)
12602 18109 (6)
12603 18109 (6)
1 18109 (6)
4 18109 (6)
12602 18125 (6)
12603 18125 (6)
1 18125 (6)
4 18125 (6)
1 1950 (7)
4 1950 (7)
12602 15281 (7)
12603 15281 (7)
1 15281 (7)
4 15281 (7)
12602 15521 (7)
12603 15521 (7)
1 15521 (7)
4 15521 (7)
0 1002 (6)
2 1002 (6)
1 1002 (8)
4 1002 (8)
0 5959 (8)
2 5959 (8)
1 5959 (8)
4 5959 (8)
0 6098 (8)
2 6098 (8)
1 6098 (8)
4 6098 (8)
12602 13015 (8)
12603 13015 (8)
1 13015 (8)
4 13015 (8)
12602 18849 (8)
12603 18849 (8)
1 18849 (8)
4 18849 (8)
0 41 (9)
2 41 (9)
1 41 (9)
4 41 (9)
0 11941 (9)
2 11941 (9)
1 11941 (9)
4 11941 (9)
12602 13091 (9)
12603 13091 (9)
1 13091 (9)
4 13091 (9)
12602 17871 (9)
12603 17871 (9)
1 17871 (9)
4 17871 (9)
0 908 (6)
2 908 (6)
1 908 (10)
4 908 (10)
0 910 (6)
2 910 (6)
1 910 (10)
4 910 (10)
0 911 (6)
2 911 (6)
1 911 (10)
4 911 (10)
0 912 (6)
2 912 (6)
1 912 (10)
4 912 (10)
0 913 (6)
2 913 (6)
1 913 (10)
4 913 (10)
0 917 (6)
2 917 (6)
1 917 (10)
4 917 (10)
0 3164 (10)
2 3164 (10)
1 3164 (10)
4 3164 (10)
0 4958 (10)
2 4958 (10)
1 4958 (10)
4 4958 (10)
0 5028 (10)
2 5028 (10)
1 5028 (10)
4 5028 (10)
0 5327 (10)
2 5327 (10)
1 5327 (10)
4 5327 (10)
0 8049 (10)
2 8049 (10)
1 8049 (10)
4 8049 (10)
0 12170 (10)
2 12170 (10)
1 12170 (10)
4 12170 (10)
0 12253 (10)
2 12253 (10)
1 12253 (10)
4 12253 (10)
12602 14494 (10)
12603 14494 (10)
1 14494 (10)
4 14494 (10)
12602 14892 (10)
12603 14892 (10)
1 14892 (10)
4 14892 (10)
12602 14982 (10)
12603 14982 (10)
1 14982 (10)
4 14982 (10)
12602 15206 (10)
12603 15206 (10)
1 15206 (10)
4 15206 (10)
12602 15510 (10)
12603 15510 (10)
1 15510 (10)
4 15510 (10)
12602 16912 (10)
12603 16912 (10)
1 16912 (10)
4 16912 (10)
12602 18812 (10)
12603 18812 (10)
1 18812 (10)
4 18812 (10)
0 247 (7)
2 247 (7)
1 247 (11)
4 247 (11)
0 909 (7)
2 909 (7)
1 909 (11)
4 909 (11)
0 916 (7)
2 916 (7)
1 916 (11)
4 916 (11)
0 964 (11)
2 964 (11)
1 964 (11)
4 964 (11)
0 2177 (11)
2 2177 (11)
1 2177 (11)
4 2177 (11)
0 2186 (7)
2 2186 (7)
1 2186 (11)
4 2186 (11)
0 2661 (11)
2 2661 (11)
1 2661 (11)
4 2661 (11)
0 2677 (11)
2 2677 (11)
1 2677 (11)
4 2677 (11)
0 2757 (11)
2 2757 (11)
1 2757 (11)
4 2757 (11)
0 8286 (11)
2 8286 (11)
1 8286 (11)
4 8286 (11)
12602 13959 (11)
12603 13959 (11)
1 13959 (11)
4 13959 (11)
0 915 (8)
2 915 (8)
1 915 (12)
4 915 (12)
0 918 (8)
2 918 (8)
1 918 (12)
4 918 (12)
0 2182 (9)
2 2182 (9)
1 2182 (12)
4 2182 (12)
0 2181 (9)
2 2181 (9)
1 2181 (13)
4 2181 (13)
0 2183 (9)
2 2183 (9)
1 2183 (13)
4 2183 (13)
0 2188 (9)
2 2188 (9)
1 2188 (13)
4 2188 (13)
0 2178 (9)
2 2178 (9)
1 2178 (14)
4 2178 (14)
0 2179 (9)
2 2179 (9)
1 2179 (14)
4 2179 (14)
0 2184 (9)
2 2184 (9)
1 2184 (14)
4 2184 (14)
0 2185 (9)
2 2185 (9)
1 2185 (14)
4 2185 (14)
0 2187 (9)
2 2187 (9)
1 2187 (14)
4 2187 (14)
447 12602 (6)
447 12603 (6)
0 447 (11)
2 447 (11)
1 447 (17)
4 447 (17)
0 10155 (17)
2 10155 (17)
1 10155 (17)
4 10155 (17)
0 1353 (24)
2 1353 (24)
1 1353 (24)
4 1353 (24)
12602 12603 (3443)
1 12602 (3443)
4 12602 (3443)
1 12603 (3443)
4 12603 (3443)
0 2 (6557)
0 1 (6557)
0 4 (6557)
1 2 (6557)
2 4 (6557)
1 4 (10000)
0 2 614 (6)
0 1 614 (6)
0 4 614 (6)
1 2 614 (6)
2 4 614 (6)
1 4 614 (6)
0 2 907 (6)
0 1 907 (6)
0 4 907 (6)
1 2 907 (6)
2 4 907 (6)
1 4 907 (6)
1 4 1610 (6)
1 4 2905 (6)
1 4 3440 (6)
0 2 5073 (6)
0 1 5073 (6)
0 4 5073 (6)
1 2 5073 (6)
2 4 5073 (6)
1 4 5073 (6)
12602 12603 18077 (6)
1 12602 18077 (6)
4 12602 18077 (6)
1 12603 18077 (6)
4 12603 18077 (6)
1 4 18077 (6)
12602 12603 18109 (6)
1 12602 18109 (6)
4 12602 18109 (6)
1 12603 18109 (6)
4 12603 18109 (6)
1 4 18109 (6)
12602 12603 18125 (6)
1 12602 18125 (6)
4 12602 18125 (6)
1 12603 18125 (6)
4 12603 18125 (6)
1 4 18125 (6)
1 4 1950 (7)
12602 12603 15281 (7)
1 12602 15281 (7)
4 12602 15281 (7)
1 12603 15281 (7)
4 12603 15281 (7)
1 4 15281 (7)
12602 12603 15521 (7)
1 12602 15521 (7)
4 12602 15521 (7)
1 12603 15521 (7)
4 12603 15521 (7)
1 4 15521 (7)
0 2 1002 (6)
0 1 1002 (6)
0 4 1002 (6)
1 2 1002 (6)
2 4 1002 (6)
1 4 1002 (8)
0 2 5959 (8)
0 1 5959 (8)
0 4 5959 (8)
1 2 5959 (8)
2 4 5959 (8)
1 4 5959 (8)
0 2 6098 (8)
0 1 6098 (8)
0 4 6098 (8)
1 2 6098 (8)
2 4 6098 (8)
1 4 6098 (8)
12602 12603 13015 (8)
1 12602 13015 (8)
4 12602 13015 (8)
1 12603 13015 (8)
4 12603 13015 (8)
1 4 13015 (8)
12602 12603 18849 (8)
1 12602 18849 (8)
4 12602 18849 (8)
1 12603 18849 (8)
4 12603 18849 (8)
1 4 18849 (8)
0 2 41 (9)
0 1 41 (9)
0 4 41 (9)
1 2 41 (9)
2 4 41 (9)
1 4 41 (9)
0 2 11941 (9)
0 1 11941 (9)
0 4 11941 (9)
1 2 11941 (9)
2 4 11941 (9)
1 4 11941 (9)
12602 12603 13091 (9)
1 12602 13091 (9)
4 12602 13091 (9)
1 12603 13091 (9)
4 12603 13091 (9)
1 4 13091 (9)
12602 12603 17871 (9)
1 12602 17871 (9)
4 12602 17871 (9)
1 12603 17871 (9)
4 12603 17871 (9)
1 4 17871 (9)
0 2 908 (6)
0 1 908 (6)
0 4 908 (6)
1 2 908 (6)
2 4 908 (6)
1 4 908 (10)
0 2 910 (6)
0 1 910 (6)
0 4 910 (6)
1 2 910 (6)
2 4 910 (6)
1 4 910 (10)
0 2 911 (6)
0 1 911 (6)
0 4 911 (6)
1 2 911 (6)
2 4 911 (6)
1 4 911 (10)
0 2 912 (6)
0 1 912 (6)
0 4 912 (6)
1 2 912 (6)
2 4 912 (6)
1 4 912 (10)
0 2 913 (6)
0 1 913 (6)
0 4 913 (6)
1 2 913 (6)
2 4 913 (6)
1 4 913 (10)
0 2 917 (6)
0 1 917 (6)
0 4 917 (6)
1 2 917 (6)
2 4 917 (6)
1 4 917 (10)
0 2 3164 (10)
0 1 3164 (10)
0 4 3164 (10)
1 2 3164 (10)
2 4 3164 (10)
1 4 3164 (10)
0 2 4958 (10)
0 1 4958 (10)
0 4 4958 (10)
1 2 4958 (10)
2 4 4958 (10)
1 4 4958 (10)
0 2 5028 (10)
0 1 5028 (10)
0 4 5028 (10)
1 2 5028 (10)
2 4 5028 (10)
1 4 5028 (10)
0 2 5327 (10)
0 1 5327 (10)
0 4 5327 (10)
1 2 5327 (10)
2 4 5327 (10)
1 4 5327 (10)
0 2 8049 (10)
0 1 8049 (10)
0 4 8049 (10)
1 2 8049 (10)
2 4 8049 (10)
1 4 8049 (10)
0 2 12170 (10)
0 1 12170 (10)
0 4 12170 (10)
1 2 12170 (10)
2 4 12170 (10)
1 4 12170 (10)
0 2 12253 (10)
0 1 12253 (10)
0 4 12253 (10)
1 2 12253 (10)
2 4 12253 (10)
1 4 12253 (10)
12602 12603 14494 (10)
1 12602 14494 (10)
4 12602 14494 (10)
1 12603 14494 (10)
4 12603 14494 (10)
1 4 14494 (10)
12602 12603 14892 (10)
1 12602 14892 (10)
4 12602 14892 (10)
1 12603 14892 (10)
4 12603 14892 (10)
1 4 14892 (10)
12602 12603 14982 (10)
1 12602 14982 (10)
4 12602 14982 (10)
1 12603 14982 (10)
4 12603 14982 (10)
1 4 14982 (10)
12602 12603 15206 (10)
1 12602 15206 (10)
4 12602 15206 (10)
1 12603 15206 (10)
4 12603 15206 (10)
1 4 15206 (10)
12602 12603 15510 (10)
1 12602 15510 (10)
4 12602 15510 (10)
1 12603 15510 (10)
4 12603 15510 (10)
1 4 15510 (10)
12602 12603 16912 (10)
1 12602 16912 (10)
4 12602 16912 (10)
1 12603 16912 (10)
4 12603 16912 (10)
1 4 16912 (10)
12602 12603 18812 (10)
1 12602 18812 (10)
4 12602 18812 (10)
1 12603 18812 (10)
4 12603 18812 (10)
1 4 18812 (10)
0 2 247 (7)
0 1 247 (7)
0 4 247 (7)
1 2 247 (7)
2 4 247 (7)
1 4 247 (11)
0 2 909 (7)
0 1 909 (7)
0 4 909 (7)
1 2 909 (7)
2 4 909 (7)
1 4 909 (11)
0 2 916 (7)
0 1 916 (7)
0 4 916 (7)
1 2 916 (7)
2 4 916 (7)
1 4 916 (11)
0 2 964 (11)
0 1 964 (11)
0 4 964 (11)
1 2 964 (11)
2 4 964 (11)
1 4 964 (11)
0 2 2177 (11)
0 1 2177 (11)
0 4 2177 (11)
1 2 2177 (11)
2 4 2177 (11)
1 4 2177 (11)
0 2 2186 (7)
0 1 2186 (7)
0 4 2186 (7)
1 2 2186 (7)
2 4 2186 (7)
1 4 2186 (11)
0 2 2661 (11)
0 1 2661 (11)
0 4 2661 (11)
1 2 2661 (11)
2 4 2661 (11)
1 4 2661 (11)
0 2 2677 (11)
0 1 2677 (11)
0 4 2677 (11)
1 2 2677 (11)
2 4 2677 (11)
1 4 2677 (11)
0 2 2757 (11)
0 1 2757 (11)
0 4 2757 (11)
1 2 2757 (11)
2 4 2757 (11)
1 4 2757 (11)
0 2 8286 (11)
0 1 8286 (11)
0 4 8286 (11)
1 2 8286 (11)
2 4 8286 (11)
1 4 8286 (11)
12602 12603 13959 (11)
1 12602 13959 (11)
4 12602 13959 (11)
1 12603 13959 (11)
4 12603 13959 (11)
1 4 13959 (11)
0 2 915 (8)
0 1 915 (8)
0 4 915 (8)
1 2 915 (8)
2 4 915 (8)
1 4 915 (12)
0 2 918 (8)
0 1 918 (8)
0 4 918 (8)
1 2 918 (8)
2 4 918 (8)
1 4 918 (12)
0 2 2182 (9)
0 1 2182 (9)
0 4 2182 (9)
1 2 2182 (9)
2 4 2182 (9)
1 4 2182 (12)
0 2 2181 (9)
0 1 2181 (9)
0 4 2181 (9)
1 2 2181 (9)
2 4 2181 (9)
1 4 2181 (13)
0 2 2183 (9)
0 1 2183 (9)
0 4 2183 (9)
1 2 2183 (9)
2 4 2183 (9)
1 4 2183 (13)
0 2 2188 (9)
0 1 2188 (9)
0 4 2188 (9)
1 2 2188 (9)
2 4 2188 (9)
1 4 2188 (13)
0 2 2178 (9)
0 1 2178 (9)
0 4 2178 (9)
1 2 2178 (9)
2 4 2178 (9)
1 4 2178 (14)
0 2 2179 (9)
0 1 2179 (9)
0 4 2179 (9)
1 2 2179 (9)
2 4 2179 (9)
1 4 2179 (14)
0 2 2184 (9)
0 1 2184 (9)
0 4 2184 (9)
1 2 2184 (9)
2 4 2184 (9)
1 4 2184 (14)
0 2 2185 (9)
0 1 2185 (9)
0 4 2185 (9)
1 2 2185 (9)
2 4 2185 (9)
1 4 2185 (14)
0 2 2187 (9)
0 1 2187 (9)
0 4 2187 (9)
1 2 2187 (9)
2 4 2187 (9)
1 4 2187 (14)
447 12602 12603 (6)
1 447 12602 (6)
4 447 12602 (6)
1 447 12603 (6)
4 447 12603 (6)
0 2 447 (11)
0 1 447 (11)
0 4 447 (11)
1 2 447 (11)
2 4 447 (11)
1 4 447 (17)
0 2 10155 (17)
0 1 10155 (17)
0 4 10155 (17)
1 2 10155 (17)
2 4 10155 (17)
1 4 10155 (17)
0 2 1353 (24)
0 1 1353 (24)
0 4 1353 (24)
1 2 1353 (24)
2 4 1353 (24)
1 4 1353 (24)
1 12602 12603 (3443)
4 12602 12603 (3443)
1 4 12602 (3443)
1 4 12603 (3443)
0 1 2 (6557)
0 2 4 (6557)
0 1 4 (6557)
1 2 4 (6557)
0 1 2 614 (6)
0 2 4 614 (6)
0 1 4 614 (6)
1 2 4 614 (6)
0 1 2 907 (6)
0 2 4 907 (6)
0 1 4 907 (6)
1 2 4 907 (6)
0 1 2 5073 (6)
0 2 4 5073 (6)
0 1 4 5073 (6)
1 2 4 5073 (6)
1 12602 12603 18077 (6)
4 12602 12603 18077 (6)
1 4 12602 18077 (6)
1 4 12603 18077 (6)
1 12602 12603 18109 (6)
4 12602 12603 18109 (6)
1 4 12602 18109 (6)
1 4 12603 18109 (6)
1 12602 12603 18125 (6)
4 12602 12603 18125 (6)
1 4 12602 18125 (6)
1 4 12603 18125 (6)
1 12602 12603 15281 (7)
4 12602 12603 15281 (7)
1 4 12602 15281 (7)
1 4 12603 15281 (7)
1 12602 12603 15521 (7)
4 12602 12603 15521 (7)
1 4 12602 15521 (7)
1 4 12603 15521 (7)
0 1 2 1002 (6)
0 2 4 1002 (6)
0 1 4 1002 (6)
1 2 4 1002 (6)
0 1 2 5959 (8)
0 2 4 5959 (8)
0 1 4 5959 (8)
1 2 4 5959 (8)
0 1 2 6098 (8)
0 2 4 6098 (8)
0 1 4 6098 (8)
1 2 4 6098 (8)
1 12602 12603 13015 (8)
4 12602 12603 13015 (8)
1 4 12602 13015 (8)
1 4 12603 13015 (8)
1 12602 12603 18849 (8)
4 12602 12603 18849 (8)
1 4 12602 18849 (8)
1 4 12603 18849 (8)
0 1 2 41 (9)
0 2 4 41 (9)
0 1 4 41 (9)
1 2 4 41 (9)
0 1 2 11941 (9)
0 2 4 11941 (9)
0 1 4 11941 (9)
1 2 4 11941 (9)
1 12602 12603 13091 (9)
4 12602 12603 13091 (9)
1 4 12602 13091 (9)
1 4 12603 13091 (9)
1 12602 12603 17871 (9)
4 12602 12603 17871 (9)
1 4 12602 17871 (9)
1 4 12603 17871 (9)
0 1 2 908 (6)
0 2 4 908 (6)
0 1 4 908 (6)
1 2 4 908 (6)
0 1 2 910 (6)
0 2 4 910 (6)
0 1 4 910 (6)
1 2 4 910 (6)
0 1 2 911 (6)
0 2 4 911 (6)
0 1 4 911 (6)
1 2 4 911 (6)
0 1 2 912 (6)
0 2 4 912 (6)
0 1 4 912 (6)
1 2 4 912 (6)
0 1 2 913 (6)
0 2 4 913 (6)
0 1 4 913 (6)
1 2 4 913 (6)
0 1 2 917 (6)
0 2 4 917 (6)
0 1 4 917 (6)
1 2 4 917 (6)
0 1 2 3164 (10)
0 2 4 3164 (10)
0 1 4 3164 (10)
1 2 4 3164 (10)
0 1 2 4958 (10)
0 2 4 4958 (10)
0 1 4 4958 (10)
1 2 4 4958 (10)
0 1 2 5028 (10)
0 2 4 5028 (10)
0 1 4 5028 (10)
1 2 4 5028 (10)
0 1 2 5327 (10)
0 2 4 5327 (10)
0 1 4 5327 (10)
1 2 4 5327 (10)
0 1 2 8049 (10)
0 2 4 8049 (10)
0 1 4 8049 (10)
1 2 4 8049 (10)
0 1 2 12170 (10)
0 2 4 12170 (10)
0 1 4 12170 (10)
1 2 4 12170 (10)
0 1 2 12253 (10)
0 2 4 12253 (10)
0 1 4 12253 (10)
1 2 4 12253 (10)
1 12602 12603 14494 (10)
4 12602 12603 14494 (10)
1 4 12602 14494 (10)
1 4 12603 14494 (10)
1 12602 12603 14892 (10)
4 12602 12603 14892 (10)
1 4 12602 14892 (10)
1 4 12603 14892 (10)
1 12602 12603 14982 (10)
4 12602 12603 14982 (10)
1 4 12602 14982 (10)
1 4 12603 14982 (10)
1 12602 12603 15206 (10)
4 12602 12603 15206 (10)
1 4 12602 15206 (10)
1 4 12603 15206 (10)
1 12602 12603 15510 (10)
4 12602 12603 15510 (10)
1 4 12602 15510 (10)
1 4 12603 15510 (10)
1 12602 12603 16912 (10)
4 12602 12603 16912 (10)
1 4 12602 16912 (10)
1 4 12603 16912 (10)
1 12602 12603 18812 (10)
4 12602 12603 18812 (10)
1 4 12602 18812 (10)
1 4 12603 18812 (10)
0 1 2 247 (7)
0 2 4 247 (7)
0 1 4 247 (7)
1 2 4 247 (7)
0 1 2 909 (7)
0 2 4 909 (7)
0 1 4 909 (7)
1 2 4 909 (7)
0 1 2 916 (7)
0 2 4 916 (7)
0 1 4 916 (7)
1 2 4 916 (7)
0 1 2 964 (11)
0 2 4 964 (11)
0 1 4 964 (11)
1 2 4 964 (11)
0 1 2 2177 (11)
0 2 4 2177 (11)
0 1 4 2177 (11)
1 2 4 2177 (11)
0 1 2 2186 (7)
0 2 4 2186 (7)
0 1 4 2186 (7)
1 2 4 2186 (7)
0 1 2 2661 (11)
0 2 4 2661 (11)
0 1 4 2661 (11)
1 2 4 2661 (11)
0 1 2 2677 (11)
0 2 4 2677 (11)
0 1 4 2677 (11)
1 2 4 2677 (11)
0 1 2 2757 (11)
0 2 4 2757 (11)
0 1 4 2757 (11)
1 2 4 2757 (11)
0 1 2 8286 (11)
0 2 4 8286 (11)
0 1 4 8286 (11)
1 2 4 8286 (11)
1 12602 12603 13959 (11)
4 12602 12603 13959 (11)
1 4 12602 13959 (11)
1 4 12603 13959 (11)
0 1 2 915 (8)
0 2 4 915 (8)
0 1 4 915 (8)
1 2 4 915 (8)
0 1 2 918 (8)
0 2 4 918 (8)
0 1 4 918 (8)
1 2 4 918 (8)
0 1 2 2182 (9)
0 2 4 2182 (9)
0 1 4 2182 (9)
1 2 4 2182 (9)
0 1 2 2181 (9)
0 2 4 2181 (9)
0 1 4 2181 (9)
1 2 4 2181 (9)
0 1 2 2183 (9)
0 2 4 2183 (9)
0 1 4 2183 (9)
1 2 4 2183 (9)
0 1 2 2188 (9)
0 2 4 2188 (9)
0 1 4 2188 (9)
1 2 4 2188 (9)
0 1 2 2178 (9)
0 2 4 2178 (9)
0 1 4 2178 (9)
1 2 4 2178 (9)
0 1 2 2179 (9)
0 2 4 2179 (9)
0 1 4 2179 (9)
1 2 4 2179 (9)
0 1 2 2184 (9)
0 2 4 2184 (9)
0 1 4 2184 (9)
1 2 4 2184 (9)
0 1 2 2185 (9)
0 2 4 2185 (9)
0 1 4 2185 (9)
1 2 4 2185 (9)
0 1 2 2187 (9)
0 2 4 2187 (9)
0 1 4 2187 (9)
1 2 4 2187 (9)
1 447 12602 12603 (6)
4 447 12602 12603 (6)
1 4 447 12602 (6)
1 4 447 12603 (6)
0 1 2 447 (11)
0 2 4 447 (11)
0 1 4 447 (11)
1 2 4 447 (11)
0 1 2 10155 (17)
0 2 4 10155 (17)
0 1 4 10155 (17)
1 2 4 10155 (17)
0 1 2 1353 (24)
0 2 4 1353 (24)
0 1 4 1353 (24)
1 2 4 1353 (24)
1 4 12602 12603 (3443)
0 1 2 4 (6557)
0 1 2 4 614 (6)
0 1 2 4 907 (6)
0 1 2 4 5073 (6)
1 4 12602 12603 18077 (6)
1 4 12602 12603 18109 (6)
1 4 12602 12603 18125 (6)
1 4 12602 12603 15281 (7)
1 4 12602 12603 15521 (7)
0 1 2 4 1002 (6)
0 1 2 4 5959 (8)
0 1 2 4 6098 (8)
1 4 12602 12603 13015 (8)
1 4 12602 12603 18849 (8)
0 1 2 4 41 (9)
0 1 2 4 11941 (9)
1 4 12602 12603 13091 (9)
1 4 12602 12603 17871 (9)
0 1 2 4 908 (6)
0 1 2 4 910 (6)
0 1 2 4 911 (6)
0 1 2 4 912 (6)
0 1 2 4 913 (6)
0 1 2 4 917 (6)
0 1 2 4 3164 (10)
0 1 2 4 4958 (10)
0 1 2 4 5028 (10)
0 1 2 4 5327 (10)
0 1 2 4 8049 (10)
0 1 2 4 12170 (10)
0 1 2 4 12253 (10)
1 4 12602 12603 14494 (10)
1 4 12602 12603 14892 (10)
1 4 12602 12603 14982 (10)
1 4 12602 12603 15206 (10)
1 4 12602 12603 15510 (10)
1 4 12602 12603 16912 (10)
1 4 12602 12603 18812 (10)
0 1 2 4 247 (7)
0 1 2 4 909 (7)
0 1 2 4 916 (7)
0 1 2 4 964 (11)
0 1 2 4 2177 (11)
0 1 2 4 2186 (7)
0 1 2 4 2661 (11)
0 1 2 4 2677 (11)
0 1 2 4 2757 (11)
0 1 2 4 8286 (11)
1 4 12602 12603 13959 (11)
0 1 2 4 915 (8)
0 1 2 4 918 (8)
0 1 2 4 2182 (9)
0 1 2 4 2181 (9)
0 1 2 4 2183 (9)
0 1 2 4 2188 (9)
0 1 2 4 2178 (9)
0 1 2 4 2179 (9)
0 1 2 4 2184 (9)
0 1 2 4 2185 (9)
0 1 2 4 2187 (9)
1 4 447 12602 12603 (6)
0 1 2 4 447 (11)
0 1 2 4 10155 (17)
0 1 2 4 1353 (24)
